<?xml version="1.0" encoding="UTF-8"?>
<!-- Generated by org.testng.reporters.JUnitReportReporter -->
<testsuite hostname="LAPTOP-MBIHGQOB" failures="0" tests="1" name="com.mystore.testcases.AccountCreationtPageTest" time="27.723" errors="0" timestamp="2024-09-08T12:45:45 IST" skipped="0">
  <testcase classname="com.mystore.testcases.AccountCreationtPageTest" name="VerifyCreateAccountPageTest" time="27.723"/>
  <system-out/>
</testsuite> <!-- com.mystore.testcases.AccountCreationtPageTest -->
