<?xml version="1.0" encoding="UTF-8"?>
<!-- Generated by org.testng.reporters.JUnitReportReporter -->
<testsuite hostname="LAPTOP-MBIHGQOB" failures="0" tests="2" name="com.mystore.testcases.IndexPageTest" time="9.398" errors="0" timestamp="2024-09-18T07:47:00 IST" skipped="0">
  <testcase classname="com.mystore.testcases.IndexPageTest" name="verfiyTitle" time="4.611"/>
  <system-out/>
  <testcase classname="com.mystore.testcases.IndexPageTest" name="verifyLogo" time="4.787"/>
  <system-out/>
</testsuite> <!-- com.mystore.testcases.IndexPageTest -->
