<?xml version="1.0" encoding="UTF-8"?>
<!-- Generated by org.testng.reporters.JUnitReportReporter -->
<testsuite hostname="LAPTOP-MBIHGQOB" failures="0" tests="1" name="com.mystore.testcases.SearchResultPageTest" time="14.008" errors="0" timestamp="2024-09-18T08:14:36 IST" skipped="0">
  <testcase classname="com.mystore.testcases.SearchResultPageTest" name="productAvailabilityTest" time="14.008"/>
  <system-out/>
</testsuite> <!-- com.mystore.testcases.SearchResultPageTest -->
