<?xml version="1.0" encoding="UTF-8"?>
<!-- Generated by org.testng.reporters.JUnitReportReporter -->
<testsuite hostname="LAPTOP-MBIHGQOB" failures="0" tests="1" name="com.mystore.testcases.ViewCartTest" time="12.553" errors="0" timestamp="2024-09-18T08:47:34 IST" skipped="0">
  <testcase classname="com.mystore.testcases.ViewCartTest" name="verifyTotalPrice" time="12.553"/>
  <system-out/>
</testsuite> <!-- com.mystore.testcases.ViewCartTest -->
