<?xml version="1.0" encoding="UTF-8"?>
<!-- Generated by org.testng.reporters.JUnitReportReporter -->
<testsuite hostname="LAPTOP-MBIHGQOB" failures="0" tests="1" name="com.mystore.testcases.LoginPageTest" time="9.963" errors="0" timestamp="2024-09-18T07:46:38 IST" skipped="0">
  <testcase classname="com.mystore.testcases.LoginPageTest" name="loginTest" time="9.963"/>
  <system-out/>
</testsuite> <!-- com.mystore.testcases.LoginPageTest -->
