<?xml version="1.0" encoding="UTF-8"?>
<!-- Generated by org.testng.reporters.JUnitReportReporter -->
<testsuite hostname="LAPTOP-MBIHGQOB" failures="0" tests="1" name="com.mystore.testcases.AddToCartPageTest" time="12.617" errors="0" timestamp="2024-09-18T08:15:05 IST" skipped="0">
  <testcase classname="com.mystore.testcases.AddToCartPageTest" name="AddToCartTest" time="12.617"/>
  <system-out/>
</testsuite> <!-- com.mystore.testcases.AddToCartPageTest -->
