<?xml version="1.0" encoding="UTF-8"?>
<!-- Generated by org.testng.reporters.JUnitReportReporter -->
<testsuite hostname="LAPTOP-MBIHGQOB" failures="0" tests="1" name="com.mystore.testcases.EndToEndTest" time="28.363" errors="0" timestamp="2024-09-20T07:02:34 IST" skipped="0">
  <testcase classname="com.mystore.testcases.EndToEndTest" name="endToEndTest" time="28.363"/>
  <system-out/>
</testsuite> <!-- com.mystore.testcases.EndToEndTest -->
